<?xml version="1.0" encoding="UTF-8"?>
<!-- Generated by org.testng.reporters.JUnitXMLReporter -->
<testsuite hostname="LAPTOP-FIONSAGV" ignored="0" name="Default test" tests="4" failures="0" timestamp="22 Mar 2019 01:15:41 GMT" time="2.411" errors="0">
  <testcase name="hello" time="0.006" classname="webtests.WikiTest"/>
  <testcase name="deutsch" time="0.545" classname="webtests.WikiTest"/>
  <testcase name="italian" time="0.466" classname="webtests.WikiTest"/>
  <testcase name="espanol" time="0.383" classname="webtests.WikiTest"/>
</testsuite> <!-- Default test -->
